[www.ejner4autism.com/index.html]
[backblue.gif]
[fade.gif]
[index.html]
[www.ejner4autism.com/siteec92.css]
[img1.wsimg.com/starfield/duel/v2.5.8/duel35bd.js]
[www.ejner4autism.com/home.html]
[www.ejner4autism.com/projects.html]
[www.ejner4autism.com/terapias.html]
[www.ejner4autism.com/diagnostico.html]
[www.ejner4autism.com/material.html]
[img1.wsimg.com/tcc/tcc_l.combined.1.0.5.min.js]
[www.ejner4autism.com/index.html]
[s7.addthis.com/js/300/addthis_widget.js]
[img1.wsimg.com/wst/v7/WSB7_J_20170929_1052_WSB-17089_933/v2/images/wsb-slideshow-nav-arrows-sprt.png]
[www.ejner4autism.com/siteec92.css]
[img1.wsimg.com/starfield/duel/v2.5.8/duel35bd.js]
[www.ejner4autism.com/home.html]
[www.ejner4autism.com/projects.html]
[www.ejner4autism.com/terapias.html]
[www.ejner4autism.com/diagnostico.html]
[www.ejner4autism.com/material.html]
[img1.wsimg.com/tcc/tcc_l.combined.1.0.5.min.js]
[www.ejner4autism.com/css!starfield/sf.core.css]
